  BestMovie.cpp
C:\Users\거북이\Desktop\컴퓨터\c언어\visual studio\Bestmoive\BestMovie.cpp(6,7): error C2143: 구문 오류: ';'이(가) '<class-head>' 앞에 없습니다.
C:\Users\거북이\Desktop\컴퓨터\c언어\visual studio\Bestmoive\BestMovie.cpp(13,17): error C2061: 구문 오류: 식별자 'Movie'
C:\Users\거북이\Desktop\컴퓨터\c언어\visual studio\Bestmoive\BestMovie.cpp(26,18): error C2061: 구문 오류: 식별자 'Movie'
C:\Users\거북이\Desktop\컴퓨터\c언어\visual studio\Bestmoive\BestMovie.cpp(40,1): error C2059: 구문 오류: '}'
C:\Users\거북이\Desktop\컴퓨터\c언어\visual studio\Bestmoive\BestMovie.cpp(40,1): error C2143: 구문 오류: ';'이(가) '}' 앞에 없습니다.
C:\Users\거북이\Desktop\컴퓨터\c언어\visual studio\Bestmoive\BestMovie.cpp(18,14): error C2065: 'p': 선언되지 않은 식별자입니다.
C:\Users\거북이\Desktop\컴퓨터\c언어\visual studio\Bestmoive\BestMovie.cpp(19,11): error C2065: 'p': 선언되지 않은 식별자입니다.
C:\Users\거북이\Desktop\컴퓨터\c언어\visual studio\Bestmoive\BestMovie.cpp(20,9): error C2065: 'p': 선언되지 않은 식별자입니다.
C:\Users\거북이\Desktop\컴퓨터\c언어\visual studio\Bestmoive\BestMovie.cpp(22,4): error C2065: 'p': 선언되지 않은 식별자입니다.
C:\Users\거북이\Desktop\컴퓨터\c언어\visual studio\Bestmoive\BestMovie.cpp(31,14): error C2065: 'p': 선언되지 않은 식별자입니다.
C:\Users\거북이\Desktop\컴퓨터\c언어\visual studio\Bestmoive\BestMovie.cpp(32,11): error C2065: 'p': 선언되지 않은 식별자입니다.
C:\Users\거북이\Desktop\컴퓨터\c언어\visual studio\Bestmoive\BestMovie.cpp(33,9): error C2065: 'p': 선언되지 않은 식별자입니다.
C:\Users\거북이\Desktop\컴퓨터\c언어\visual studio\Bestmoive\BestMovie.cpp(35,4): error C2065: 'p': 선언되지 않은 식별자입니다.
C:\Users\거북이\Desktop\컴퓨터\c언어\visual studio\Bestmoive\BestMovie.cpp(43,2): error C2065: 'Movie': 선언되지 않은 식별자입니다.
C:\Users\거북이\Desktop\컴퓨터\c언어\visual studio\Bestmoive\BestMovie.cpp(43,8): error C2146: 구문 오류: ';'이(가) 'mv' 식별자 앞에 없습니다.
C:\Users\거북이\Desktop\컴퓨터\c언어\visual studio\Bestmoive\BestMovie.cpp(43,8): error C2065: 'mv': 선언되지 않은 식별자입니다.
C:\Users\거북이\Desktop\컴퓨터\c언어\visual studio\Bestmoive\BestMovie.cpp(49,10): error C2065: 'mv': 선언되지 않은 식별자입니다.
C:\Users\거북이\Desktop\컴퓨터\c언어\visual studio\Bestmoive\BestMovie.cpp(51,10): error C2065: 'mv': 선언되지 않은 식별자입니다.
C:\Users\거북이\Desktop\컴퓨터\c언어\visual studio\Bestmoive\BestMovie.cpp(55,2): error C2065: 'Movie': 선언되지 않은 식별자입니다.
C:\Users\거북이\Desktop\컴퓨터\c언어\visual studio\Bestmoive\BestMovie.cpp(55,8): error C2146: 구문 오류: ';'이(가) 'm' 식별자 앞에 없습니다.
C:\Users\거북이\Desktop\컴퓨터\c언어\visual studio\Bestmoive\BestMovie.cpp(55,8): error C2065: 'm': 선언되지 않은 식별자입니다.
C:\Users\거북이\Desktop\컴퓨터\c언어\visual studio\Bestmoive\BestMovie.cpp(56,2): error C2065: 'm': 선언되지 않은 식별자입니다.
C:\Users\거북이\Desktop\컴퓨터\c언어\visual studio\Bestmoive\BestMovie.cpp(56,14): error C2065: 'mv': 선언되지 않은 식별자입니다.
C:\Users\거북이\Desktop\컴퓨터\c언어\visual studio\Bestmoive\BestMovie.cpp(57,2): error C2065: 'm': 선언되지 않은 식별자입니다.
C:\Users\거북이\Desktop\컴퓨터\c언어\visual studio\Bestmoive\BestMovie.cpp(57,15): error C2065: 'mv': 선언되지 않은 식별자입니다.
